=== puma startup: 2016-05-03 13:52:17 +0000 ===
[11936] * Starting control server on unix:///tmp/puma-status-1462283537043-11936
[11936] - Worker 0 (pid: 11943) booted, phase: 0
[11936] - Worker 1 (pid: 11947) booted, phase: 0
[11936] - Gracefully shutting down workers...
[11936] === puma shutdown: 2016-05-03 13:52:30 +0000 ===
[11936] - Goodbye!
=== puma startup: 2016-05-03 13:52:58 +0000 ===
[11984] * Starting control server on unix:///tmp/puma-status-1462283578473-11984
[11984] - Worker 0 (pid: 11991) booted, phase: 0
[11984] - Worker 1 (pid: 11995) booted, phase: 0
[11984] - Gracefully shutting down workers...
[11984] === puma shutdown: 2016-05-03 13:55:07 +0000 ===
[11984] - Goodbye!
=== puma startup: 2016-05-03 13:55:27 +0000 ===
[12053] * Starting control server on unix:///tmp/puma-status-1462283727786-12053
[12053] - Worker 0 (pid: 12060) booted, phase: 0
[12053] - Worker 1 (pid: 12064) booted, phase: 0
[12053] - Gracefully shutting down workers...
[12053] === puma shutdown: 2016-05-03 13:57:34 +0000 ===
[12053] - Goodbye!
=== puma startup: 2016-05-03 13:58:58 +0000 ===
[12166] * Starting control server on unix:///tmp/puma-status-1462283938969-12166
[12166] - Worker 1 (pid: 12241) booted, phase: 0
[12166] - Worker 0 (pid: 12237) booted, phase: 0
